Running updateDateIndex.js at Wed Feb  4 14:36:49 EST 2026
/Users/arwaa/Documents/GitHub/privacy-label-observatory/backend/node_modules/@elastic/elasticsearch/lib/client.js:124
            throw new transport_1.errors.ConfigurationError('Missing node(s) option');
            ^

ConfigurationError: Missing node(s) option
    at new Client (/Users/arwaa/Documents/GitHub/privacy-label-observatory/backend/node_modules/@elastic/elasticsearch/lib/client.js:124:19)
    at Object.<anonymous> (/Users/arwaa/Documents/GitHub/privacy-label-observatory/backend/update/updateDateIndex.js:30:16)
    at Module._compile (node:internal/modules/cjs/loader:1562:14)
    at Object..js (node:internal/modules/cjs/loader:1699:10)
    at Module.load (node:internal/modules/cjs/loader:1313:32)
    at Function._load (node:internal/modules/cjs/loader:1123:12)
    at TracingChannel.traceSync (node:diagnostics_channel:322:14)
    at wrapModuleLoad (node:internal/modules/cjs/loader:217:24)
    at Function.executeUserEntryPoint [as runMain] (node:internal/modules/run_main:170:5)
    at node:internal/main/run_main_module:36:49 {
  options: { redaction: { type: 'replace', additionalKeys: [] } }
}

Node.js v22.13.0
updateDateIndex.js completed successfully
Running graph3.js at Wed Feb  4 14:36:49 EST 2026
/Users/arwaa/Documents/GitHub/privacy-label-observatory/backend/node_modules/@elastic/elasticsearch/lib/client.js:124
            throw new transport_1.errors.ConfigurationError('Missing node(s) option');
            ^

ConfigurationError: Missing node(s) option
    at new Client (/Users/arwaa/Documents/GitHub/privacy-label-observatory/backend/node_modules/@elastic/elasticsearch/lib/client.js:124:19)
    at Object.<anonymous> (/Users/arwaa/Documents/GitHub/privacy-label-observatory/backend/update/graph3.js:31:16)
    at Module._compile (node:internal/modules/cjs/loader:1562:14)
    at Object..js (node:internal/modules/cjs/loader:1699:10)
    at Module.load (node:internal/modules/cjs/loader:1313:32)
    at Function._load (node:internal/modules/cjs/loader:1123:12)
    at TracingChannel.traceSync (node:diagnostics_channel:322:14)
    at wrapModuleLoad (node:internal/modules/cjs/loader:217:24)
    at Function.executeUserEntryPoint [as runMain] (node:internal/modules/run_main:170:5)
    at node:internal/main/run_main_module:36:49 {
  options: { redaction: { type: 'replace', additionalKeys: [] } }
}

Node.js v22.13.0
graph3.js completed successfully
Running vennIndex.js at Wed Feb  4 14:36:49 EST 2026
/Users/arwaa/Documents/GitHub/privacy-label-observatory/backend/node_modules/@elastic/elasticsearch/lib/client.js:124
            throw new transport_1.errors.ConfigurationError('Missing node(s) option');
            ^

ConfigurationError: Missing node(s) option
    at new Client (/Users/arwaa/Documents/GitHub/privacy-label-observatory/backend/node_modules/@elastic/elasticsearch/lib/client.js:124:19)
    at Object.<anonymous> (/Users/arwaa/Documents/GitHub/privacy-label-observatory/backend/update/initializeIndex.js:26:16)
    at Module._compile (node:internal/modules/cjs/loader:1562:14)
    at Object..js (node:internal/modules/cjs/loader:1699:10)
    at Module.load (node:internal/modules/cjs/loader:1313:32)
    at Function._load (node:internal/modules/cjs/loader:1123:12)
    at TracingChannel.traceSync (node:diagnostics_channel:322:14)
    at wrapModuleLoad (node:internal/modules/cjs/loader:217:24)
    at Module.require (node:internal/modules/cjs/loader:1335:12)
    at require (node:internal/modules/helpers:136:16) {
  options: { redaction: { type: 'replace', additionalKeys: [] } }
}

Node.js v22.13.0
vennIndex.js completed successfully
Running initializePurpose.js at Wed Feb  4 14:36:49 EST 2026
/Users/arwaa/Documents/GitHub/privacy-label-observatory/backend/node_modules/@elastic/elasticsearch/lib/client.js:124
            throw new transport_1.errors.ConfigurationError('Missing node(s) option');
            ^

ConfigurationError: Missing node(s) option
    at new Client (/Users/arwaa/Documents/GitHub/privacy-label-observatory/backend/node_modules/@elastic/elasticsearch/lib/client.js:124:19)
    at Object.<anonymous> (/Users/arwaa/Documents/GitHub/privacy-label-observatory/backend/update/initializeIndex.js:26:16)
    at Module._compile (node:internal/modules/cjs/loader:1562:14)
    at Object..js (node:internal/modules/cjs/loader:1699:10)
    at Module.load (node:internal/modules/cjs/loader:1313:32)
    at Function._load (node:internal/modules/cjs/loader:1123:12)
    at TracingChannel.traceSync (node:diagnostics_channel:322:14)
    at wrapModuleLoad (node:internal/modules/cjs/loader:217:24)
    at Module.require (node:internal/modules/cjs/loader:1335:12)
    at require (node:internal/modules/helpers:136:16) {
  options: { redaction: { type: 'replace', additionalKeys: [] } }
}

Node.js v22.13.0
initializePurpose.js completed successfully
Running initializeMatrix.js at Wed Feb  4 14:36:49 EST 2026
/Users/arwaa/Documents/GitHub/privacy-label-observatory/backend/node_modules/@elastic/elasticsearch/lib/client.js:124
            throw new transport_1.errors.ConfigurationError('Missing node(s) option');
            ^

ConfigurationError: Missing node(s) option
    at new Client (/Users/arwaa/Documents/GitHub/privacy-label-observatory/backend/node_modules/@elastic/elasticsearch/lib/client.js:124:19)
    at Object.<anonymous> (/Users/arwaa/Documents/GitHub/privacy-label-observatory/backend/update/initializeIndex.js:26:16)
    at Module._compile (node:internal/modules/cjs/loader:1562:14)
    at Object..js (node:internal/modules/cjs/loader:1699:10)
    at Module.load (node:internal/modules/cjs/loader:1313:32)
    at Function._load (node:internal/modules/cjs/loader:1123:12)
    at TracingChannel.traceSync (node:diagnostics_channel:322:14)
    at wrapModuleLoad (node:internal/modules/cjs/loader:217:24)
    at Module.require (node:internal/modules/cjs/loader:1335:12)
    at require (node:internal/modules/helpers:136:16) {
  options: { redaction: { type: 'replace', additionalKeys: [] } }
}

Node.js v22.13.0
initializeMatrix.js completed successfully
Running initializeRatioDC.js at Wed Feb  4 14:36:50 EST 2026
/Users/arwaa/Documents/GitHub/privacy-label-observatory/backend/node_modules/@elastic/elasticsearch/lib/client.js:124
            throw new transport_1.errors.ConfigurationError('Missing node(s) option');
            ^

ConfigurationError: Missing node(s) option
    at new Client (/Users/arwaa/Documents/GitHub/privacy-label-observatory/backend/node_modules/@elastic/elasticsearch/lib/client.js:124:19)
    at Object.<anonymous> (/Users/arwaa/Documents/GitHub/privacy-label-observatory/backend/update/initializeIndex.js:26:16)
    at Module._compile (node:internal/modules/cjs/loader:1562:14)
    at Object..js (node:internal/modules/cjs/loader:1699:10)
    at Module.load (node:internal/modules/cjs/loader:1313:32)
    at Function._load (node:internal/modules/cjs/loader:1123:12)
    at TracingChannel.traceSync (node:diagnostics_channel:322:14)
    at wrapModuleLoad (node:internal/modules/cjs/loader:217:24)
    at Module.require (node:internal/modules/cjs/loader:1335:12)
    at require (node:internal/modules/helpers:136:16) {
  options: { redaction: { type: 'replace', additionalKeys: [] } }
}

Node.js v22.13.0
initializeRatioDC.js completed successfully
Running initializeRatioDT.js at Wed Feb  4 14:36:50 EST 2026
/Users/arwaa/Documents/GitHub/privacy-label-observatory/backend/node_modules/@elastic/elasticsearch/lib/client.js:124
            throw new transport_1.errors.ConfigurationError('Missing node(s) option');
            ^

ConfigurationError: Missing node(s) option
    at new Client (/Users/arwaa/Documents/GitHub/privacy-label-observatory/backend/node_modules/@elastic/elasticsearch/lib/client.js:124:19)
    at Object.<anonymous> (/Users/arwaa/Documents/GitHub/privacy-label-observatory/backend/update/initializeIndex.js:26:16)
    at Module._compile (node:internal/modules/cjs/loader:1562:14)
    at Object..js (node:internal/modules/cjs/loader:1699:10)
    at Module.load (node:internal/modules/cjs/loader:1313:32)
    at Function._load (node:internal/modules/cjs/loader:1123:12)
    at TracingChannel.traceSync (node:diagnostics_channel:322:14)
    at wrapModuleLoad (node:internal/modules/cjs/loader:217:24)
    at Module.require (node:internal/modules/cjs/loader:1335:12)
    at require (node:internal/modules/helpers:136:16) {
  options: { redaction: { type: 'replace', additionalKeys: [] } }
}

Node.js v22.13.0
initializeRatioDT.js completed successfully
Running initializeGenre.js at Wed Feb  4 14:36:50 EST 2026
/Users/arwaa/Documents/GitHub/privacy-label-observatory/backend/node_modules/@elastic/elasticsearch/lib/client.js:124
            throw new transport_1.errors.ConfigurationError('Missing node(s) option');
            ^

ConfigurationError: Missing node(s) option
    at new Client (/Users/arwaa/Documents/GitHub/privacy-label-observatory/backend/node_modules/@elastic/elasticsearch/lib/client.js:124:19)
    at Object.<anonymous> (/Users/arwaa/Documents/GitHub/privacy-label-observatory/backend/update/initializeIndex.js:26:16)
    at Module._compile (node:internal/modules/cjs/loader:1562:14)
    at Object..js (node:internal/modules/cjs/loader:1699:10)
    at Module.load (node:internal/modules/cjs/loader:1313:32)
    at Function._load (node:internal/modules/cjs/loader:1123:12)
    at TracingChannel.traceSync (node:diagnostics_channel:322:14)
    at wrapModuleLoad (node:internal/modules/cjs/loader:217:24)
    at Module.require (node:internal/modules/cjs/loader:1335:12)
    at require (node:internal/modules/helpers:136:16) {
  options: { redaction: { type: 'replace', additionalKeys: [] } }
}

Node.js v22.13.0
initializeGenre.js completed successfully
Running initializeYear.js at Wed Feb  4 14:36:50 EST 2026
/Users/arwaa/Documents/GitHub/privacy-label-observatory/backend/node_modules/@elastic/elasticsearch/lib/client.js:124
            throw new transport_1.errors.ConfigurationError('Missing node(s) option');
            ^

ConfigurationError: Missing node(s) option
    at new Client (/Users/arwaa/Documents/GitHub/privacy-label-observatory/backend/node_modules/@elastic/elasticsearch/lib/client.js:124:19)
    at Object.<anonymous> (/Users/arwaa/Documents/GitHub/privacy-label-observatory/backend/update/initializeIndex.js:26:16)
    at Module._compile (node:internal/modules/cjs/loader:1562:14)
    at Object..js (node:internal/modules/cjs/loader:1699:10)
    at Module.load (node:internal/modules/cjs/loader:1313:32)
    at Function._load (node:internal/modules/cjs/loader:1123:12)
    at TracingChannel.traceSync (node:diagnostics_channel:322:14)
    at wrapModuleLoad (node:internal/modules/cjs/loader:217:24)
    at Module.require (node:internal/modules/cjs/loader:1335:12)
    at require (node:internal/modules/helpers:136:16) {
  options: { redaction: { type: 'replace', additionalKeys: [] } }
}

Node.js v22.13.0
initializeYear.js completed successfully
Running initializeVersion.js at Wed Feb  4 14:36:50 EST 2026
/Users/arwaa/Documents/GitHub/privacy-label-observatory/backend/node_modules/@elastic/elasticsearch/lib/client.js:124
            throw new transport_1.errors.ConfigurationError('Missing node(s) option');
            ^

ConfigurationError: Missing node(s) option
    at new Client (/Users/arwaa/Documents/GitHub/privacy-label-observatory/backend/node_modules/@elastic/elasticsearch/lib/client.js:124:19)
    at Object.<anonymous> (/Users/arwaa/Documents/GitHub/privacy-label-observatory/backend/update/initializeIndex.js:26:16)
    at Module._compile (node:internal/modules/cjs/loader:1562:14)
    at Object..js (node:internal/modules/cjs/loader:1699:10)
    at Module.load (node:internal/modules/cjs/loader:1313:32)
    at Function._load (node:internal/modules/cjs/loader:1123:12)
    at TracingChannel.traceSync (node:diagnostics_channel:322:14)
    at wrapModuleLoad (node:internal/modules/cjs/loader:217:24)
    at Module.require (node:internal/modules/cjs/loader:1335:12)
    at require (node:internal/modules/helpers:136:16) {
  options: { redaction: { type: 'replace', additionalKeys: [] } }
}

Node.js v22.13.0
initializeVersion.js completed successfully
Running initializeSize.js at Wed Feb  4 14:36:50 EST 2026
/Users/arwaa/Documents/GitHub/privacy-label-observatory/backend/node_modules/@elastic/elasticsearch/lib/client.js:124
            throw new transport_1.errors.ConfigurationError('Missing node(s) option');
            ^

ConfigurationError: Missing node(s) option
    at new Client (/Users/arwaa/Documents/GitHub/privacy-label-observatory/backend/node_modules/@elastic/elasticsearch/lib/client.js:124:19)
    at Object.<anonymous> (/Users/arwaa/Documents/GitHub/privacy-label-observatory/backend/update/initializeIndex.js:26:16)
    at Module._compile (node:internal/modules/cjs/loader:1562:14)
    at Object..js (node:internal/modules/cjs/loader:1699:10)
    at Module.load (node:internal/modules/cjs/loader:1313:32)
    at Function._load (node:internal/modules/cjs/loader:1123:12)
    at TracingChannel.traceSync (node:diagnostics_channel:322:14)
    at wrapModuleLoad (node:internal/modules/cjs/loader:217:24)
    at Module.require (node:internal/modules/cjs/loader:1335:12)
    at require (node:internal/modules/helpers:136:16) {
  options: { redaction: { type: 'replace', additionalKeys: [] } }
}

Node.js v22.13.0
initializeSize.js completed successfully
Running initializeRating.js at Wed Feb  4 14:36:50 EST 2026
/Users/arwaa/Documents/GitHub/privacy-label-observatory/backend/node_modules/@elastic/elasticsearch/lib/client.js:124
            throw new transport_1.errors.ConfigurationError('Missing node(s) option');
            ^

ConfigurationError: Missing node(s) option
    at new Client (/Users/arwaa/Documents/GitHub/privacy-label-observatory/backend/node_modules/@elastic/elasticsearch/lib/client.js:124:19)
    at Object.<anonymous> (/Users/arwaa/Documents/GitHub/privacy-label-observatory/backend/update/initializeIndex.js:26:16)
    at Module._compile (node:internal/modules/cjs/loader:1562:14)
    at Object..js (node:internal/modules/cjs/loader:1699:10)
    at Module.load (node:internal/modules/cjs/loader:1313:32)
    at Function._load (node:internal/modules/cjs/loader:1123:12)
    at TracingChannel.traceSync (node:diagnostics_channel:322:14)
    at wrapModuleLoad (node:internal/modules/cjs/loader:217:24)
    at Module.require (node:internal/modules/cjs/loader:1335:12)
    at require (node:internal/modules/helpers:136:16) {
  options: { redaction: { type: 'replace', additionalKeys: [] } }
}

Node.js v22.13.0
initializeRating.js completed successfully
Running initializePrice.js at Wed Feb  4 14:36:50 EST 2026
/Users/arwaa/Documents/GitHub/privacy-label-observatory/backend/node_modules/@elastic/elasticsearch/lib/client.js:124
            throw new transport_1.errors.ConfigurationError('Missing node(s) option');
            ^

ConfigurationError: Missing node(s) option
    at new Client (/Users/arwaa/Documents/GitHub/privacy-label-observatory/backend/node_modules/@elastic/elasticsearch/lib/client.js:124:19)
    at Object.<anonymous> (/Users/arwaa/Documents/GitHub/privacy-label-observatory/backend/update/initializeIndex.js:26:16)
    at Module._compile (node:internal/modules/cjs/loader:1562:14)
    at Object..js (node:internal/modules/cjs/loader:1699:10)
    at Module.load (node:internal/modules/cjs/loader:1313:32)
    at Function._load (node:internal/modules/cjs/loader:1123:12)
    at TracingChannel.traceSync (node:diagnostics_channel:322:14)
    at wrapModuleLoad (node:internal/modules/cjs/loader:217:24)
    at Module.require (node:internal/modules/cjs/loader:1335:12)
    at require (node:internal/modules/helpers:136:16) {
  options: { redaction: { type: 'replace', additionalKeys: [] } }
}

Node.js v22.13.0
initializePrice.js completed successfully
All database updates completed
